-------------------------------------------------------------------------------
Test set: prj.java.ai.powered.PrjJavaAiPoweredApplicationTests
-------------------------------------------------------------------------------
Tests run: 1, Failures: 0, Errors: 1, Skipped: 0, Time elapsed: 0.426 s <<< FAILURE! - in prj.java.ai.powered.PrjJavaAiPoweredApplicationTests
prj.java.ai.powered.PrjJavaAiPoweredApplicationTests  Time elapsed: 0.425 s  <<< ERROR!
java.lang.IllegalStateException: Unable to find a @SpringBootConfiguration, you need to use @ContextConfiguration or @SpringBootTest(classes=...) with your test

